{"numFailedTestSuites":0,"numFailedTests":0,"numPassedTestSuites":1,"numPassedTests":17,"numPendingTestSuites":0,"numPendingTests":0,"numRuntimeErrorTestSuites":0,"numTodoTests":0,"numTotalTestSuites":1,"numTotalTests":17,"openHandles":[],"snapshot":{"added":0,"didUpdate":false,"failure":false,"filesAdded":0,"filesRemoved":0,"filesRemovedList":[],"filesUnmatched":0,"filesUpdated":0,"matched":0,"total":0,"unchecked":0,"uncheckedKeysByFile":[],"unmatched":0,"updated":0},"startTime":1767080621394,"success":true,"testResults":[{"assertionResults":[{"ancestorTitles":["ContentGenerator","getAgentName"],"duration":2,"failing":false,"failureDetails":[],"failureMessages":[],"fullName":"ContentGenerator getAgentName should return ContentGenerator","invocations":1,"location":null,"numPassingAsserts":1,"retryReasons":[],"startAt":1767080622542,"status":"passed","title":"should return ContentGenerator"},{"ancestorTitles":["ContentGenerator","Prompt Loading"],"duration":839,"failing":false,"failureDetails":[],"failureMessages":[],"fullName":"ContentGenerator Prompt Loading should load prompt from valid path","invocations":1,"location":null,"numPassingAsserts":3,"retryReasons":[],"startAt":1767080622545,"status":"passed","title":"should load prompt from valid path"},{"ancestorTitles":["ContentGenerator","Prompt Loading"],"duration":33,"failing":false,"failureDetails":[],"failureMessages":[],"fullName":"ContentGenerator Prompt Loading should throw error when prompt file not found","invocations":1,"location":null,"numPassingAsserts":1,"retryReasons":[],"startAt":1767080623385,"status":"passed","title":"should throw error when prompt file not found"},{"ancestorTitles":["ContentGenerator","Parameter Substitution"],"duration":828,"failing":false,"failureDetails":[],"failureMessages":[],"fullName":"ContentGenerator Parameter Substitution should substitute hotel parameters and agent outputs","invocations":1,"location":null,"numPassingAsserts":1,"retryReasons":[],"startAt":1767080623422,"status":"passed","title":"should substitute hotel parameters and agent outputs"},{"ancestorTitles":["ContentGenerator","Parameter Substitution"],"duration":821,"failing":false,"failureDetails":[],"failureMessages":[],"fullName":"ContentGenerator Parameter Substitution should map brand personality to tone guidance","invocations":1,"location":null,"numPassingAsserts":0,"retryReasons":[],"startAt":1767080624252,"status":"passed","title":"should map brand personality to tone guidance"},{"ancestorTitles":["ContentGenerator","Validation & Constraints"],"duration":8,"failing":false,"failureDetails":[],"failureMessages":[],"fullName":"ContentGenerator Validation & Constraints should fail if hotelParameters are missing","invocations":1,"location":null,"numPassingAsserts":1,"retryReasons":[],"startAt":1767080625075,"status":"passed","title":"should fail if hotelParameters are missing"},{"ancestorTitles":["ContentGenerator","Validation & Constraints"],"duration":8,"failing":false,"failureDetails":[],"failureMessages":[],"fullName":"ContentGenerator Validation & Constraints should fail if componentSelection is missing","invocations":1,"location":null,"numPassingAsserts":1,"retryReasons":[],"startAt":1767080625083,"status":"passed","title":"should fail if componentSelection is missing"},{"ancestorTitles":["ContentGenerator","Validation & Constraints"],"duration":7,"failing":false,"failureDetails":[],"failureMessages":[],"fullName":"ContentGenerator Validation & Constraints should fail if stylingSelection is missing","invocations":1,"location":null,"numPassingAsserts":1,"retryReasons":[],"startAt":1767080625093,"status":"passed","title":"should fail if stylingSelection is missing"},{"ancestorTitles":["ContentGenerator","Validation & Constraints"],"duration":20,"failing":false,"failureDetails":[],"failureMessages":[],"fullName":"ContentGenerator Validation & Constraints should enforce hero heading length (10-60 chars)","invocations":1,"location":null,"numPassingAsserts":1,"retryReasons":[],"startAt":1767080625100,"status":"passed","title":"should enforce hero heading length (10-60 chars)"},{"ancestorTitles":["ContentGenerator","Validation & Constraints"],"duration":20,"failing":false,"failureDetails":[],"failureMessages":[],"fullName":"ContentGenerator Validation & Constraints should enforce testimonial quote length (20-500 chars)","invocations":1,"location":null,"numPassingAsserts":1,"retryReasons":[],"startAt":1767080625123,"status":"passed","title":"should enforce testimonial quote length (20-500 chars)"},{"ancestorTitles":["ContentGenerator","Validation & Constraints"],"duration":15,"failing":false,"failureDetails":[],"failureMessages":[],"fullName":"ContentGenerator Validation & Constraints should enforce room description length (50-500 chars)","invocations":1,"location":null,"numPassingAsserts":1,"retryReasons":[],"startAt":1767080625144,"status":"passed","title":"should enforce room description length (50-500 chars)"},{"ancestorTitles":["ContentGenerator","Retry Logic"],"duration":12,"failing":false,"failureDetails":[],"failureMessages":[],"fullName":"ContentGenerator Retry Logic should retry on validation failure and succeed on second attempt","invocations":1,"location":null,"numPassingAsserts":2,"retryReasons":[],"startAt":1767080625160,"status":"passed","title":"should retry on validation failure and succeed on second attempt"},{"ancestorTitles":["ContentGenerator","Retry Logic"],"duration":24,"failing":false,"failureDetails":[],"failureMessages":[],"fullName":"ContentGenerator Retry Logic should throw after 3 failed attempts (max 2 retries)","invocations":1,"location":null,"numPassingAsserts":1,"retryReasons":[],"startAt":1767080625173,"status":"passed","title":"should throw after 3 failed attempts (max 2 retries)"},{"ancestorTitles":["ContentGenerator","Cost Tracking"],"duration":811,"failing":false,"failureDetails":[],"failureMessages":[],"fullName":"ContentGenerator Cost Tracking should track step cost for ContentGenerator","invocations":1,"location":null,"numPassingAsserts":2,"retryReasons":[],"startAt":1767080625198,"status":"passed","title":"should track step cost for ContentGenerator"},{"ancestorTitles":["ContentGenerator","Cost Tracking"],"duration":825,"failing":false,"failureDetails":[],"failureMessages":[],"fullName":"ContentGenerator Cost Tracking should enforce budget limit ($0.80 for ContentGenerator)","invocations":1,"location":null,"numPassingAsserts":1,"retryReasons":[],"startAt":1767080626011,"status":"passed","title":"should enforce budget limit ($0.80 for ContentGenerator)"},{"ancestorTitles":["ContentGenerator","Cost Tracking"],"duration":1672,"failing":false,"failureDetails":[],"failureMessages":[],"fullName":"ContentGenerator Cost Tracking should validate stage checkpoint ($1.60 for ContentGenerator)","invocations":1,"location":null,"numPassingAsserts":1,"retryReasons":[],"startAt":1767080626836,"status":"passed","title":"should validate stage checkpoint ($1.60 for ContentGenerator)"},{"ancestorTitles":["ContentGenerator","Integration Test"],"duration":817,"failing":false,"failureDetails":[],"failureMessages":[],"fullName":"ContentGenerator Integration Test should produce passing state with valid outputs","invocations":1,"location":null,"numPassingAsserts":3,"retryReasons":[],"startAt":1767080628511,"status":"passed","title":"should produce passing state with valid outputs"}],"endTime":1767080629333,"message":"","name":"C:\\Users\\User\\Work Projects\\Effective Tours Job\\Hotel Project\\et-llm-websites\\web-app\\tests\\langgraph\\agents\\ContentGenerator.test.ts","startTime":1767080622162,"status":"passed","summary":""}],"wasInterrupted":false}
